<?xml version="1.0" encoding="UTF-8"?>
<!-- Generated by org.testng.reporters.JUnitReportReporter -->
<testsuite hostname="SANJAIN01" name="testCases.TestCase_1" tests="1" failures="0" timestamp="5 Oct 2018 11:58:37 GMT" time="17.340" errors="0">
  <testcase name="Method1" time="17.340" classname="testCases.TestCase_1"/>
</testsuite> <!-- testCases.TestCase_1 -->
